INFO:lightning:GPU available: True, used: True
INFO:lightning:VISIBLE GPUS: 0
/scratch/nsk367/pytorch-use/py3.6.3/lib/python3.6/site-packages/pytorch_lightning/utilities/warnings.py:18: RuntimeWarning: You have defined a `val_dataloader()` and have defined a `validation_step()`, you may also want to define `validation_epoch_end()` for accumulating stats.
  warnings.warn(*args, **kwargs)
INFO:lightning:Set SLURM handle signals.
INFO:lightning:
   | Name                                    | Type                  | Params
------------------------------------------------------------------------------
0  | AE                                      | Inception_Autoencoder | 57 K  
1  | AE.Encoder                              | Encoder               | 27 K  
2  | AE.Encoder.layer1                       | InceptionE            | 600   
3  | AE.Encoder.layer1.branch1x1             | BasicConv2d           | 18    
4  | AE.Encoder.layer1.branch1x1.conv        | Conv2d                | 12    
5  | AE.Encoder.layer1.branch1x1.batchnorm   | BatchNorm2d           | 6     
6  | AE.Encoder.layer1.branch3x3             | BasicConv2d           | 90    
7  | AE.Encoder.layer1.branch3x3.conv        | Conv2d                | 84    
8  | AE.Encoder.layer1.branch3x3.batchnorm   | BatchNorm2d           | 6     
9  | AE.Encoder.layer1.branch5x5             | BasicConv2d           | 234   
10 | AE.Encoder.layer1.branch5x5.conv        | Conv2d                | 228   
11 | AE.Encoder.layer1.branch5x5.batchnorm   | BatchNorm2d           | 6     
12 | AE.Encoder.layer1.branch_pool           | BasicConv2d           | 18    
13 | AE.Encoder.layer1.branch_pool.conv      | Conv2d                | 12    
14 | AE.Encoder.layer1.branch_pool.batchnorm | BatchNorm2d           | 6     
15 | AE.Encoder.layer1.conv_out              | BasicConv2d           | 240   
16 | AE.Encoder.layer1.conv_out.conv         | Conv2d                | 208   
17 | AE.Encoder.layer1.conv_out.batchnorm    | BatchNorm2d           | 32    
18 | AE.Encoder.downsample1                  | BasicConv2d           | 4 K   
19 | AE.Encoder.downsample1.conv             | Conv2d                | 4 K   
20 | AE.Encoder.downsample1.batchnorm        | BatchNorm2d           | 64    
21 | AE.Encoder.layer2                       | InceptionE            | 3 K   
22 | AE.Encoder.layer2.branch1x1             | BasicConv2d           | 105   
23 | AE.Encoder.layer2.branch1x1.conv        | Conv2d                | 99    
24 | AE.Encoder.layer2.branch1x1.batchnorm   | BatchNorm2d           | 6     
25 | AE.Encoder.layer2.branch3x3             | BasicConv2d           | 873   
26 | AE.Encoder.layer2.branch3x3.conv        | Conv2d                | 867   
27 | AE.Encoder.layer2.branch3x3.batchnorm   | BatchNorm2d           | 6     
28 | AE.Encoder.layer2.branch5x5             | BasicConv2d           | 2 K   
29 | AE.Encoder.layer2.branch5x5.conv        | Conv2d                | 2 K   
30 | AE.Encoder.layer2.branch5x5.batchnorm   | BatchNorm2d           | 6     
31 | AE.Encoder.layer2.branch_pool           | BasicConv2d           | 105   
32 | AE.Encoder.layer2.branch_pool.conv      | Conv2d                | 99    
33 | AE.Encoder.layer2.branch_pool.batchnorm | BatchNorm2d           | 6     
34 | AE.Encoder.layer2.conv_out              | BasicConv2d           | 480   
35 | AE.Encoder.layer2.conv_out.conv         | Conv2d                | 416   
36 | AE.Encoder.layer2.conv_out.batchnorm    | BatchNorm2d           | 64    
37 | AE.Encoder.downsample2                  | BasicConv2d           | 18 K  
38 | AE.Encoder.downsample2.conv             | Conv2d                | 18 K  
39 | AE.Encoder.downsample2.batchnorm        | BatchNorm2d           | 128   
40 | AE.Decoder                              | Decoder               | 29 K  
41 | AE.Decoder.upsample1                    | ConvTranspose2d       | 18 K  
42 | AE.Decoder.layer1                       | InceptionE            | 3 K   
43 | AE.Decoder.layer1.branch1x1             | BasicConv2d           | 105   
44 | AE.Decoder.layer1.branch1x1.conv        | Conv2d                | 99    
45 | AE.Decoder.layer1.branch1x1.batchnorm   | BatchNorm2d           | 6     
46 | AE.Decoder.layer1.branch3x3             | BasicConv2d           | 873   
47 | AE.Decoder.layer1.branch3x3.conv        | Conv2d                | 867   
48 | AE.Decoder.layer1.branch3x3.batchnorm   | BatchNorm2d           | 6     
49 | AE.Decoder.layer1.branch5x5             | BasicConv2d           | 2 K   
50 | AE.Decoder.layer1.branch5x5.conv        | Conv2d                | 2 K   
51 | AE.Decoder.layer1.branch5x5.batchnorm   | BatchNorm2d           | 6     
52 | AE.Decoder.layer1.branch_pool           | BasicConv2d           | 105   
53 | AE.Decoder.layer1.branch_pool.conv      | Conv2d                | 99    
54 | AE.Decoder.layer1.branch_pool.batchnorm | BatchNorm2d           | 6     
55 | AE.Decoder.layer1.conv_out              | BasicConv2d           | 480   
56 | AE.Decoder.layer1.conv_out.conv         | Conv2d                | 416   
57 | AE.Decoder.layer1.conv_out.batchnorm    | BatchNorm2d           | 64    
58 | AE.Decoder.upsample2                    | ConvTranspose2d       | 4 K   
59 | AE.Decoder.layer2                       | InceptionE            | 2 K   
60 | AE.Decoder.layer2.branch1x1             | BasicConv2d           | 57    
61 | AE.Decoder.layer2.branch1x1.conv        | Conv2d                | 51    
62 | AE.Decoder.layer2.branch1x1.batchnorm   | BatchNorm2d           | 6     
63 | AE.Decoder.layer2.branch3x3             | BasicConv2d           | 441   
64 | AE.Decoder.layer2.branch3x3.conv        | Conv2d                | 435   
65 | AE.Decoder.layer2.branch3x3.batchnorm   | BatchNorm2d           | 6     
66 | AE.Decoder.layer2.branch5x5             | BasicConv2d           | 1 K   
67 | AE.Decoder.layer2.branch5x5.conv        | Conv2d                | 1 K   
68 | AE.Decoder.layer2.branch5x5.batchnorm   | BatchNorm2d           | 6     
69 | AE.Decoder.layer2.branch_pool           | BasicConv2d           | 57    
70 | AE.Decoder.layer2.branch_pool.conv      | Conv2d                | 51    
71 | AE.Decoder.layer2.branch_pool.batchnorm | BatchNorm2d           | 6     
72 | AE.Decoder.layer2.conv_out              | BasicConv2d           | 240   
73 | AE.Decoder.layer2.conv_out.conv         | Conv2d                | 208   
74 | AE.Decoder.layer2.conv_out.batchnorm    | BatchNorm2d           | 32    
75 | AE.Decoder.output_layer                 | Conv2d                | 51    
Validation sanity check:   0%|          | 0/5 [00:00<?, ?it/s]Traceback (most recent call last):
  File "noah_autoencoder.py", line 125, in _run_step
    sample, target, road_image = batch
ValueError: too many values to unpack (expected 3)

During handling of the above exception, another exception occurred:

Traceback (most recent call last):
  File "noah_autoencoder.py", line 211, in <module>
    trainer.fit(model)
  File "/scratch/nsk367/pytorch-use/py3.6.3/lib/python3.6/site-packages/pytorch_lightning/trainer/trainer.py", line 704, in fit
    self.single_gpu_train(model)
  File "/scratch/nsk367/pytorch-use/py3.6.3/lib/python3.6/site-packages/pytorch_lightning/trainer/distrib_parts.py", line 477, in single_gpu_train
    self.run_pretrain_routine(model)
  File "/scratch/nsk367/pytorch-use/py3.6.3/lib/python3.6/site-packages/pytorch_lightning/trainer/trainer.py", line 843, in run_pretrain_routine
    False)
  File "/scratch/nsk367/pytorch-use/py3.6.3/lib/python3.6/site-packages/pytorch_lightning/trainer/evaluation_loop.py", line 262, in _evaluate
    output = self.evaluation_forward(model, batch, batch_idx, dataloader_idx, test_mode)
  File "/scratch/nsk367/pytorch-use/py3.6.3/lib/python3.6/site-packages/pytorch_lightning/trainer/evaluation_loop.py", line 451, in evaluation_forward
    output = model.validation_step(*args)
  File "noah_autoencoder.py", line 146, in validation_step
    loss = self._run_step(batch, batch_idx)
  File "noah_autoencoder.py", line 127, in _run_step
    sample , _ = batch
ValueError: too many values to unpack (expected 2)
